2020-04-19 02:32:29{GMT+0} INFO  [main] application.AppTester: The application has started...
2020-04-19 02:33:42{GMT+0} INFO  [Executor task launch worker for task 623] application.FileExtensionCounterApp: bat: 176
2020-04-19 02:33:42{GMT+0} INFO  [Executor task launch worker for task 624] application.FileExtensionCounterApp: bmp: 169
2020-04-19 02:33:42{GMT+0} INFO  [Executor task launch worker for task 628] application.FileExtensionCounterApp: dbf: 187
2020-04-19 02:33:42{GMT+0} INFO  [Executor task launch worker for task 620] application.FileExtensionCounterApp: aiff: 205
2020-04-19 02:33:42{GMT+0} INFO  [Executor task launch worker for task 627] application.FileExtensionCounterApp: cvs: 182
2020-04-19 02:33:42{GMT+0} INFO  [Executor task launch worker for task 622] application.FileExtensionCounterApp: avi: 204
2020-04-19 02:33:42{GMT+0} INFO  [Executor task launch worker for task 626] application.FileExtensionCounterApp: csv: 196
2020-04-19 02:33:42{GMT+0} INFO  [Executor task launch worker for task 629] application.FileExtensionCounterApp: dif: 200
2020-04-19 02:33:42{GMT+0} INFO  [Executor task launch worker for task 621] application.FileExtensionCounterApp: au: 198
2020-04-19 02:33:42{GMT+0} INFO  [Executor task launch worker for task 630] application.FileExtensionCounterApp: doc: 195
2020-04-19 02:33:42{GMT+0} INFO  [Executor task launch worker for task 632] application.FileExtensionCounterApp: exe: 173
2020-04-19 02:33:42{GMT+0} INFO  [Executor task launch worker for task 633] application.FileExtensionCounterApp: fm3: 184
2020-04-19 02:33:42{GMT+0} INFO  [Executor task launch worker for task 635] application.FileExtensionCounterApp: hqx: 202
2020-04-19 02:33:42{GMT+0} INFO  [Executor task launch worker for task 634] application.FileExtensionCounterApp: gif: 180
2020-04-19 02:33:42{GMT+0} INFO  [Executor task launch worker for task 636] application.FileExtensionCounterApp: htm: 196
2020-04-19 02:33:42{GMT+0} INFO  [Executor task launch worker for task 638] application.FileExtensionCounterApp: mac: 170
2020-04-19 02:33:42{GMT+0} INFO  [Executor task launch worker for task 631] application.FileExtensionCounterApp: eps: 201
2020-04-19 02:33:42{GMT+0} INFO  [Executor task launch worker for task 637] application.FileExtensionCounterApp: jpg: 173
2020-04-19 02:33:42{GMT+0} INFO  [Executor task launch worker for task 640] application.FileExtensionCounterApp: mdb: 175
2020-04-19 02:33:42{GMT+0} INFO  [Executor task launch worker for task 639] application.FileExtensionCounterApp: map: 176
2020-04-19 02:33:42{GMT+0} INFO  [Executor task launch worker for task 643] application.FileExtensionCounterApp: mtb: 177
2020-04-19 02:33:42{GMT+0} INFO  [Executor task launch worker for task 642] application.FileExtensionCounterApp: mov: 184
2020-04-19 02:33:42{GMT+0} INFO  [Executor task launch worker for task 645] application.FileExtensionCounterApp: p65: 187
2020-04-19 02:33:42{GMT+0} INFO  [Executor task launch worker for task 641] application.FileExtensionCounterApp: mid: 174
2020-04-19 02:33:42{GMT+0} INFO  [Executor task launch worker for task 646] application.FileExtensionCounterApp: pdf: 182
2020-04-19 02:33:42{GMT+0} INFO  [Executor task launch worker for task 644] application.FileExtensionCounterApp: noextension: 2100
2020-04-19 02:33:42{GMT+0} INFO  [Executor task launch worker for task 647] application.FileExtensionCounterApp: png: 190
2020-04-19 02:33:42{GMT+0} INFO  [Executor task launch worker for task 649] application.FileExtensionCounterApp: psd: 177
2020-04-19 02:33:42{GMT+0} INFO  [Executor task launch worker for task 650] application.FileExtensionCounterApp: psp: 187
2020-04-19 02:33:42{GMT+0} INFO  [Executor task launch worker for task 652] application.FileExtensionCounterApp: ra: 199
2020-04-19 02:33:42{GMT+0} INFO  [Executor task launch worker for task 625] application.FileExtensionCounterApp: class: 209
2020-04-19 02:33:42{GMT+0} INFO  [Executor task launch worker for task 653] application.FileExtensionCounterApp: rtf: 178
2020-04-19 02:33:42{GMT+0} INFO  [Executor task launch worker for task 651] application.FileExtensionCounterApp: qxd: 198
2020-04-19 02:33:42{GMT+0} INFO  [Executor task launch worker for task 654] application.FileExtensionCounterApp: sit: 177
2020-04-19 02:33:42{GMT+0} INFO  [Executor task launch worker for task 648] application.FileExtensionCounterApp: ppt: 193
2020-04-19 02:33:42{GMT+0} INFO  [Executor task launch worker for task 656] application.FileExtensionCounterApp: tar: 152
2020-04-19 02:33:42{GMT+0} INFO  [Executor task launch worker for task 657] application.FileExtensionCounterApp: tif: 172
2020-04-19 02:33:42{GMT+0} INFO  [Executor task launch worker for task 655] application.FileExtensionCounterApp: t65: 169
2020-04-19 02:33:42{GMT+0} INFO  [Executor task launch worker for task 659] application.FileExtensionCounterApp: wav: 169
2020-04-19 02:33:42{GMT+0} INFO  [Executor task launch worker for task 658] application.FileExtensionCounterApp: txt: 177
2020-04-19 02:33:42{GMT+0} INFO  [Executor task launch worker for task 662] application.FileExtensionCounterApp: xls: 155
2020-04-19 02:33:42{GMT+0} INFO  [Executor task launch worker for task 661] application.FileExtensionCounterApp: wks: 187
2020-04-19 02:33:42{GMT+0} INFO  [Executor task launch worker for task 663] application.FileExtensionCounterApp: zip: 164
2020-04-19 02:33:42{GMT+0} INFO  [Executor task launch worker for task 660] application.FileExtensionCounterApp: wk3: 199
2020-04-19 02:35:10{GMT+0} INFO  [main] application.AppTester: The application has started...
2020-04-19 02:36:28{GMT+0} INFO  [Executor task launch worker for task 625] application.FileExtensionCounterApp: class: 209
2020-04-19 02:36:28{GMT+0} INFO  [Executor task launch worker for task 622] application.FileExtensionCounterApp: avi: 204
2020-04-19 02:36:28{GMT+0} INFO  [Executor task launch worker for task 621] application.FileExtensionCounterApp: au: 198
2020-04-19 02:36:28{GMT+0} INFO  [Executor task launch worker for task 627] application.FileExtensionCounterApp: cvs: 182
2020-04-19 02:36:28{GMT+0} INFO  [Executor task launch worker for task 620] application.FileExtensionCounterApp: aiff: 205
2020-04-19 02:36:28{GMT+0} INFO  [Executor task launch worker for task 628] application.FileExtensionCounterApp: dbf: 187
2020-04-19 02:36:28{GMT+0} INFO  [Executor task launch worker for task 623] application.FileExtensionCounterApp: bat: 176
2020-04-19 02:36:28{GMT+0} INFO  [Executor task launch worker for task 629] application.FileExtensionCounterApp: dif: 200
2020-04-19 02:36:28{GMT+0} INFO  [Executor task launch worker for task 626] application.FileExtensionCounterApp: csv: 196
2020-04-19 02:36:28{GMT+0} INFO  [Executor task launch worker for task 630] application.FileExtensionCounterApp: doc: 195
2020-04-19 02:36:28{GMT+0} INFO  [Executor task launch worker for task 624] application.FileExtensionCounterApp: bmp: 169
2020-04-19 02:36:28{GMT+0} INFO  [Executor task launch worker for task 632] application.FileExtensionCounterApp: exe: 173
2020-04-19 02:36:28{GMT+0} INFO  [Executor task launch worker for task 631] application.FileExtensionCounterApp: eps: 201
2020-04-19 02:36:28{GMT+0} INFO  [Executor task launch worker for task 633] application.FileExtensionCounterApp: fm3: 184
2020-04-19 02:36:28{GMT+0} INFO  [Executor task launch worker for task 635] application.FileExtensionCounterApp: hqx: 202
2020-04-19 02:36:28{GMT+0} INFO  [Executor task launch worker for task 638] application.FileExtensionCounterApp: mac: 170
2020-04-19 02:36:28{GMT+0} INFO  [Executor task launch worker for task 636] application.FileExtensionCounterApp: htm: 196
2020-04-19 02:36:28{GMT+0} INFO  [Executor task launch worker for task 639] application.FileExtensionCounterApp: map: 176
2020-04-19 02:36:28{GMT+0} INFO  [Executor task launch worker for task 637] application.FileExtensionCounterApp: jpg: 173
2020-04-19 02:36:28{GMT+0} INFO  [Executor task launch worker for task 641] application.FileExtensionCounterApp: mid: 174
2020-04-19 02:36:28{GMT+0} INFO  [Executor task launch worker for task 640] application.FileExtensionCounterApp: mdb: 175
2020-04-19 02:36:28{GMT+0} INFO  [Executor task launch worker for task 644] application.FileExtensionCounterApp: noextension: 2100
2020-04-19 02:36:28{GMT+0} INFO  [Executor task launch worker for task 646] application.FileExtensionCounterApp: pdf: 182
2020-04-19 02:36:28{GMT+0} INFO  [Executor task launch worker for task 647] application.FileExtensionCounterApp: png: 190
2020-04-19 02:36:28{GMT+0} INFO  [Executor task launch worker for task 648] application.FileExtensionCounterApp: ppt: 193
2020-04-19 02:36:28{GMT+0} INFO  [Executor task launch worker for task 642] application.FileExtensionCounterApp: mov: 184
2020-04-19 02:36:28{GMT+0} INFO  [Executor task launch worker for task 649] application.FileExtensionCounterApp: psd: 177
2020-04-19 02:36:28{GMT+0} INFO  [Executor task launch worker for task 643] application.FileExtensionCounterApp: mtb: 177
2020-04-19 02:36:28{GMT+0} INFO  [Executor task launch worker for task 645] application.FileExtensionCounterApp: p65: 187
2020-04-19 02:36:28{GMT+0} INFO  [Executor task launch worker for task 650] application.FileExtensionCounterApp: psp: 187
2020-04-19 02:36:28{GMT+0} INFO  [Executor task launch worker for task 652] application.FileExtensionCounterApp: ra: 199
2020-04-19 02:36:28{GMT+0} INFO  [Executor task launch worker for task 651] application.FileExtensionCounterApp: qxd: 198
2020-04-19 02:36:28{GMT+0} INFO  [Executor task launch worker for task 654] application.FileExtensionCounterApp: sit: 177
2020-04-19 02:36:28{GMT+0} INFO  [Executor task launch worker for task 653] application.FileExtensionCounterApp: rtf: 178
2020-04-19 02:36:28{GMT+0} INFO  [Executor task launch worker for task 660] application.FileExtensionCounterApp: wk3: 199
2020-04-19 02:36:28{GMT+0} INFO  [Executor task launch worker for task 659] application.FileExtensionCounterApp: wav: 169
2020-04-19 02:36:28{GMT+0} INFO  [Executor task launch worker for task 662] application.FileExtensionCounterApp: xls: 155
2020-04-19 02:36:28{GMT+0} INFO  [Executor task launch worker for task 656] application.FileExtensionCounterApp: tar: 152
2020-04-19 02:36:28{GMT+0} INFO  [Executor task launch worker for task 657] application.FileExtensionCounterApp: tif: 172
2020-04-19 02:36:28{GMT+0} INFO  [Executor task launch worker for task 634] application.FileExtensionCounterApp: gif: 180
2020-04-19 02:36:28{GMT+0} INFO  [Executor task launch worker for task 655] application.FileExtensionCounterApp: t65: 169
2020-04-19 02:36:28{GMT+0} INFO  [Executor task launch worker for task 658] application.FileExtensionCounterApp: txt: 177
2020-04-19 02:36:28{GMT+0} INFO  [Executor task launch worker for task 663] application.FileExtensionCounterApp: zip: 164
2020-04-19 02:36:28{GMT+0} INFO  [Executor task launch worker for task 661] application.FileExtensionCounterApp: wks: 187
